13/Sep/2016:08:34:19 +0000 "GET /index.php" 200 107.618ms 2048kb 18.58%
13/Sep/2016:08:34:18 +0000 "GET /index.php" 200 1401.955ms 4096kb 17.83%
13/Sep/2016:08:34:22 +0000 "GET /index.php?r=site%2Fabout" 200 50.216ms 2048kb 19.91%
13/Sep/2016:08:34:22 +0000 "GET /index.php?r=site%2Fcontact" 200 202.071ms 2048kb 14.85%
13/Sep/2016:08:34:23 +0000 "GET /index.php?r=site%2Fcaptcha&v=57d7ba0f1f0ed" 200 106.918ms 2048kb 18.71%
13/Sep/2016:08:34:23 +0000 "GET /index.php?r=site%2Findex" 200 68.692ms 2048kb 14.56%
13/Sep/2016:09:12:30 +0000 "GET /index.php?r=site%2Findex" 200 1491.271ms 4096kb 10.06%
13/Sep/2016:09:24:51 +0000 "GET /index.php" 200 386.266ms 2048kb 10.36%
13/Sep/2016:16:50:26 +0000 "GET /index.php" 200 1053.215ms 4096kb 15.19%
13/Sep/2016:17:37:32 +0000 "GET /index.php?r=site%2Fabout" 404 931.009ms 2048kb 7.52%
13/Sep/2016:17:37:35 +0000 "GET /index.php?r=site%2Findex" 302 27.151ms 2048kb 36.83%
13/Sep/2016:17:37:35 +0000 "GET /index.php?r=site%2Flogin" 200 174.458ms 2048kb 11.46%
13/Sep/2016:17:37:38 +0000 "GET /index.php?r=site%2Flogin" 200 65.621ms 2048kb 15.24%
13/Sep/2016:17:37:44 +0000 "GET /index.php" 200 79.392ms 2048kb 12.60%
13/Sep/2016:17:37:47 +0000 "GET /index.php?r=site%2Fabout" 200 56.591ms 2048kb 17.67%
13/Sep/2016:17:37:48 +0000 "GET /index.php?r=site%2Fcontact" 200 111.855ms 2048kb 17.88%
13/Sep/2016:17:37:48 +0000 "GET /index.php?r=site%2Fcaptcha&v=57d8396c53f5b" 200 76.755ms 2048kb 13.03%
13/Sep/2016:17:37:51 +0000 "GET /index.php" 200 85.804ms 2048kb 23.31%
13/Sep/2016:17:37:53 +0000 "GET /index.php" 302 27.548ms 2048kb 0.00%
13/Sep/2016:17:37:53 +0000 "GET /index.php?r=site%2Flogin" 200 90.621ms 2048kb 22.07%
13/Sep/2016:17:43:14 +0000 "GET /index.php?r=site%2Findex" 302 208.493ms 2048kb 9.59%
13/Sep/2016:17:43:14 +0000 "GET /index.php?r=site%2Flogin" 200 149.215ms 2048kb 13.40%
13/Sep/2016:17:43:23 +0000 "GET /index.php?r=site%2Flogin" 200 104.443ms 2048kb 19.15%
